c:\users\usrf00\desktop\db_project\debug\vc143.pdb
c:\users\usrf00\desktop\db_project\debug\vc143.idb
c:\users\usrf00\desktop\db_project\debug\kiosk.obj
c:\users\usrf00\desktop\프젝복사본\db_project\db_project\debug\vc143.pdb
c:\users\usrf00\desktop\프젝복사본\db_project\db_project\debug\vc143.idb
c:\users\usrf00\desktop\프젝복사본\db_project\db_project\debug\kiosk.obj
c:\users\qqq\desktop\db_project\debug\vc143.pdb
c:\users\qqq\desktop\db_project\debug\vc143.idb
c:\users\qqq\desktop\db_project\debug\kiosk.obj
c:\users\usrf00\desktop\db_project\debug\db_project.exe
c:\users\usrf00\desktop\db_project\debug\db_project.ilk
c:\users\usrf00\desktop\db_project\debug\db_project.pdb
c:\users\usrf00\desktop\프젝복사본\db_project\db_project\debug\db_project.exe
c:\users\usrf00\desktop\프젝복사본\db_project\db_project\debug\db_project.ilk
c:\users\usrf00\desktop\프젝복사본\db_project\db_project\debug\db_project.pdb
c:\users\qqq\desktop\db_project\debug\db_project.ilk
c:\users\qqq\desktop\db_project\debug\db_project.exe
c:\users\qqq\desktop\db_project\debug\db_project.pdb
c:\users\qqq\desktop\db_project\debug\db_project.tlog\cl.command.1.tlog
c:\users\qqq\desktop\db_project\debug\db_project.tlog\cl.read.1.tlog
c:\users\qqq\desktop\db_project\debug\db_project.tlog\cl.write.1.tlog
c:\users\qqq\desktop\db_project\debug\db_project.tlog\link.command.1.tlog
c:\users\qqq\desktop\db_project\debug\db_project.tlog\link.read.1.tlog
c:\users\qqq\desktop\db_project\debug\db_project.tlog\link.write.1.tlog
